<?xml version="1.0" encoding="UTF-8"?>
<testsuite xmlns:xsi="http://www.w3.org/2001/XMLSchema-instance" xsi:schemaLocation="https://maven.apache.org/surefire/maven-surefire-plugin/xsd/surefire-test-report.xsd" name="TestSuite" time="143.222" tests="10" errors="0" skipped="0" failures="6">
  <properties>
[...]
</properties>
  <testcase name="testGmailFunctionality" classname="com.epam.lab.GmailTest" time="32.827"/>
  <testcase name="testGmailFunctionality" classname="com.epam.lab.GmailTest" time="33.054"/>
  <testcase name="testGmailFunctionality" classname="com.epam.lab.GmailTest" time="31.754"/>
  <testcase name="testGmailFunctionality" classname="com.epam.lab.GmailTest" time="32.442"/>
  <testcase name="testGmailFunctionality" classname="com.epam.lab.GmailTest" time="23.136">
    <failure message="element not visible&#10;  (Session info: chrome=61.0.3163.100)&#10;  (Driver info: chromedriver=2.32.498550 (9dec58e66c31bcc53a9ce3c7226f0c1c5810906a),platform=Windows NT 10.0.15063 x86_64) (WARNING: The server did not provide any stacktrace information)&#10;Command duration or timeout: 0 milliseconds&#10;Build info: version: &apos;3.5.3&apos;, revision: &apos;a88d25fe6b&apos;, time: &apos;2017-08-29T12:42:44.417Z&apos;&#10;System info: host: &apos;EPUALVIW0962&apos;, ip: &apos;192.168.56.1&apos;, os.name: &apos;Windows 10&apos;, os.arch: &apos;amd64&apos;, os.version: &apos;10.0&apos;, java.version: &apos;1.8.0_144&apos;&#10;Driver info: org.openqa.selenium.chrome.ChromeDriver&#10;Capabilities [{mobileEmulationEnabled=false, hasTouchScreen=false, platform=XP, acceptSslCerts=true, webStorageEnabled=true, browserName=chrome, takesScreenshot=true, javascriptEnabled=true, platformName=XP, setWindowRect=true, unexpectedAlertBehaviour=, applicationCacheEnabled=false, rotatable=false, networkConnectionEnabled=false, chrome={chromedriverVersion=2.32.498550 (9dec58e66c31bcc53a9ce3c7226f0c1c5810906a), userDataDir=C:\Users\BOGDAN~1\AppData\Local\Temp\scoped_dir11948_26165}, takesHeapSnapshot=true, pageLoadStrategy=normal, unhandledPromptBehavior=, databaseEnabled=false, handlesAlerts=true, version=61.0.3163.100, browserConnectionEnabled=false, nativeEvents=true, locationContextEnabled=true, cssSelectorsEnabled=true}]&#10;Session ID: 4de78a11c610a65ae582300802c31cef" type="org.openqa.selenium.ElementNotVisibleException">org.openqa.selenium.ElementNotVisibleException: 
element not visible
  (Session info: chrome=61.0.3163.100)
  (Driver info: chromedriver=2.32.498550 (9dec58e66c31bcc53a9ce3c7226f0c1c5810906a),platform=Windows NT 10.0.15063 x86_64) (WARNING: The server did not provide any stacktrace information)
Command duration or timeout: 0 milliseconds
Build info: version: '3.5.3', revision: 'a88d25fe6b', time: '2017-08-29T12:42:44.417Z'
System info: host: 'EPUALVIW0962', ip: '192.168.56.1', os.name: 'Windows 10', os.arch: 'amd64', os.version: '10.0', java.version: '1.8.0_144'
Driver info: org.openqa.selenium.chrome.ChromeDriver
Capabilities [{mobileEmulationEnabled=false, hasTouchScreen=false, platform=XP, acceptSslCerts=true, webStorageEnabled=true, browserName=chrome, takesScreenshot=true, javascriptEnabled=true, platformName=XP, setWindowRect=true, unexpectedAlertBehaviour=, applicationCacheEnabled=false, rotatable=false, networkConnectionEnabled=false, chrome={chromedriverVersion=2.32.498550 (9dec58e66c31bcc53a9ce3c7226f0c1c5810906a), userDataDir=C:\Users\BOGDAN~1\AppData\Local\Temp\scoped_dir11948_26165}, takesHeapSnapshot=true, pageLoadStrategy=normal, unhandledPromptBehavior=, databaseEnabled=false, handlesAlerts=true, version=61.0.3163.100, browserConnectionEnabled=false, nativeEvents=true, locationContextEnabled=true, cssSelectorsEnabled=true}]
Session ID: 4de78a11c610a65ae582300802c31cef
	at com.epam.lab.GmailTest.testGmailFunctionality(GmailTest.java:25)
</failure>
    <system-out><![CDATA[2017-10-12 18:48:34 INFO  TestNGListener:13 - testGmailFunctionality test case started
2017-10-12 18:48:57 INFO  TestNGListener:23 - The name of the testcase failed is :testGmailFunctionality
]]></system-out>
    <system-err><![CDATA[Starting ChromeDriver 2.32.498550 (9dec58e66c31bcc53a9ce3c7226f0c1c5810906a) on port 8115
Only local connections are allowed.
Oct 12, 2017 6:48:36 PM org.openqa.selenium.remote.ProtocolHandshake createSession
INFO: Detected dialect: OSS
]]></system-err>
  </testcase>
  <testcase name="testGmailFunctionality" classname="com.epam.lab.FailLoginTest" time="16.124">
    <failure message="expected [horokh.bohdan@gmail.com] but found [qa.lviv.test]" type="java.lang.AssertionError">java.lang.AssertionError: expected [horokh.bohdan@gmail.com] but found [qa.lviv.test]
	at com.epam.lab.FailLoginTest.testGmailFunctionality(FailLoginTest.java:26)
</failure>
    <system-err><![CDATA[Starting ChromeDriver 2.32.498550 (9dec58e66c31bcc53a9ce3c7226f0c1c5810906a) on port 29246
Only local connections are allowed.
Starting ChromeDriver 2.32.498550 (9dec58e66c31bcc53a9ce3c7226f0c1c5810906a) on port 2171
Only local connections are allowed.
Oct 12, 2017 6:49:00 PM org.openqa.selenium.remote.ProtocolHandshake createSession
INFO: Detected dialect: OSS
Oct 12, 2017 6:49:00 PM org.openqa.selenium.remote.ProtocolHandshake createSession
INFO: Detected dialect: OSS
]]></system-err>
  </testcase>
  <testcase name="testGmailFunctionality" classname="com.epam.lab.FailLoginTest" time="16.735">
    <failure message="expected [qa.lviv.test@gmail.com] but found [qa.lviv.test]" type="java.lang.AssertionError">java.lang.AssertionError: expected [qa.lviv.test@gmail.com] but found [qa.lviv.test]
	at com.epam.lab.FailLoginTest.testGmailFunctionality(FailLoginTest.java:26)
</failure>
  </testcase>
  <testcase name="testGmailFunctionality" classname="com.epam.lab.FailLoginTest" time="15.884">
    <failure message="expected [horokh.bohdan@gmail.com] but found [qa.lviv.test]" type="java.lang.AssertionError">java.lang.AssertionError: expected [horokh.bohdan@gmail.com] but found [qa.lviv.test]
	at com.epam.lab.FailLoginTest.testGmailFunctionality(FailLoginTest.java:26)
</failure>
    <system-err><![CDATA[Starting ChromeDriver 2.32.498550 (9dec58e66c31bcc53a9ce3c7226f0c1c5810906a) on port 34327
Only local connections are allowed.
Starting ChromeDriver 2.32.498550 (9dec58e66c31bcc53a9ce3c7226f0c1c5810906a) on port 46577
Only local connections are allowed.
Oct 12, 2017 6:49:17 PM org.openqa.selenium.remote.ProtocolHandshake createSession
INFO: Detected dialect: OSS
Oct 12, 2017 6:49:18 PM org.openqa.selenium.remote.ProtocolHandshake createSession
INFO: Detected dialect: OSS
]]></system-err>
  </testcase>
  <testcase name="testGmailFunctionality" classname="com.epam.lab.FailLoginTest" time="0.089">
    <failure message="expected [qa.lviv.test@gmail.com] but found [qa.lviv.test]" type="java.lang.AssertionError">java.lang.AssertionError: expected [qa.lviv.test@gmail.com] but found [qa.lviv.test]
	at com.epam.lab.FailLoginTest.testGmailFunctionality(FailLoginTest.java:26)
</failure>
  </testcase>
  <testcase name="testGmailFunctionality" classname="com.epam.lab.FailLoginTest" time="15.724">
    <failure message="expected [horokh.bohdan@gmail.com] but found [qa.lviv.test]" type="java.lang.AssertionError">java.lang.AssertionError: expected [horokh.bohdan@gmail.com] but found [qa.lviv.test]
	at com.epam.lab.FailLoginTest.testGmailFunctionality(FailLoginTest.java:26)
</failure>
    <system-err><![CDATA[Starting ChromeDriver 2.32.498550 (9dec58e66c31bcc53a9ce3c7226f0c1c5810906a) on port 42390
Only local connections are allowed.
Oct 12, 2017 6:49:35 PM org.openqa.selenium.remote.ProtocolHandshake createSession
INFO: Detected dialect: OSS
]]></system-err>
  </testcase>
</testsuite>