<?xml version="1.0" encoding="UTF-8"?>
<testsuite name="successful"
           tests="5"
           failures="1"
           errors="0"
           skipped="0"
           time="153.433">
  <properties />
            <testcase name="testGmailFunctionality" time="23.114" classname="com.epam.lab.GmailTest">
                <failure type="org.openqa.selenium.ElementNotVisibleException"
                  message="element not visible
  (Session info: chrome=61.0.3163.100)
  (Driver info: chromedriver=2.32.498550 (9dec58e66c31bcc53a9ce3c7226f0c1c5810906a),platform=Windows NT 10.0.15063 x86_64) (WARNING: The server did not provide any stacktrace information)
Command duration or timeout: 0 milliseconds
Build info: version: &apos;3.5.3&apos;, revision: &apos;a88d25fe6b&apos;, time: &apos;2017-08-29T12:42:44.417Z&apos;
System info: host: &apos;EPUALVIW0962&apos;, ip: &apos;192.168.56.1&apos;, os.name: &apos;Windows 10&apos;, os.arch: &apos;amd64&apos;, os.version: &apos;10.0&apos;, java.version: &apos;1.8.0_144&apos;
Driver info: org.openqa.selenium.chrome.ChromeDriver
Capabilities [{mobileEmulationEnabled=false, hasTouchScreen=false, platform=XP, acceptSslCerts=true, webStorageEnabled=true, browserName=chrome, takesScreenshot=true, javascriptEnabled=true, platformName=XP, setWindowRect=true, unexpectedAlertBehaviour=, applicationCacheEnabled=false, rotatable=false, networkConnectionEnabled=false, chrome={chromedriverVersion=2.32.498550 (9dec58e66c31bcc53a9ce3c7226f0c1c5810906a), userDataDir=C:\Users\BOGDAN~1\AppData\Local\Temp\scoped_dir11948_26165}, takesHeapSnapshot=true, pageLoadStrategy=normal, unhandledPromptBehavior=, databaseEnabled=false, handlesAlerts=true, version=61.0.3163.100, browserConnectionEnabled=false, nativeEvents=true, locationContextEnabled=true, cssSelectorsEnabled=true}]
Session ID: 4de78a11c610a65ae582300802c31cef"
              >
<![CDATA[org.openqa.selenium.ElementNotVisibleException: element not visible
  (Session info: chrome=61.0.3163.100)
  (Driver info: chromedriver=2.32.498550 (9dec58e66c31bcc53a9ce3c7226f0c1c5810906a),platform=Windows NT 10.0.15063 x86_64) (WARNING: The server did not provide any stacktrace information)
Command duration or timeout: 0 milliseconds
Build info: version: '3.5.3', revision: 'a88d25fe6b', time: '2017-08-29T12:42:44.417Z'
System info: host: 'EPUALVIW0962', ip: '192.168.56.1', os.name: 'Windows 10', os.arch: 'amd64', os.version: '10.0', java.version: '1.8.0_144'
Driver info: org.openqa.selenium.chrome.ChromeDriver
Capabilities [{mobileEmulationEnabled=false, hasTouchScreen=false, platform=XP, acceptSslCerts=true, webStorageEnabled=true, browserName=chrome, takesScreenshot=true, javascriptEnabled=true, platformName=XP, setWindowRect=true, unexpectedAlertBehaviour=, applicationCacheEnabled=false, rotatable=false, networkConnectionEnabled=false, chrome={chromedriverVersion=2.32.498550 (9dec58e66c31bcc53a9ce3c7226f0c1c5810906a), userDataDir=C:\Users\BOGDAN~1\AppData\Local\Temp\scoped_dir11948_26165}, takesHeapSnapshot=true, pageLoadStrategy=normal, unhandledPromptBehavior=, databaseEnabled=false, handlesAlerts=true, version=61.0.3163.100, browserConnectionEnabled=false, nativeEvents=true, locationContextEnabled=true, cssSelectorsEnabled=true}]
Session ID: 4de78a11c610a65ae582300802c31cef
  sun.reflect.NativeConstructorAccessorImpl.newInstance0(Native Method)
  sun.reflect.NativeConstructorAccessorImpl.newInstance(NativeConstructorAccessorImpl.java:62)
  sun.reflect.DelegatingConstructorAccessorImpl.newInstance(DelegatingConstructorAccessorImpl.java:45)
  java.lang.reflect.Constructor.newInstance(Constructor.java:423)
  org.openqa.selenium.remote.ErrorHandler.createThrowable(ErrorHandler.java:215)
  org.openqa.selenium.remote.ErrorHandler.throwIfResponseFailed(ErrorHandler.java:167)
  org.openqa.selenium.remote.http.JsonHttpResponseCodec.reconstructValue(JsonHttpResponseCodec.java:40)
  org.openqa.selenium.remote.http.AbstractHttpResponseCodec.decode(AbstractHttpResponseCodec.java:82)
  org.openqa.selenium.remote.http.AbstractHttpResponseCodec.decode(AbstractHttpResponseCodec.java:45)
  org.openqa.selenium.remote.HttpCommandExecutor.execute(HttpCommandExecutor.java:164)
  org.openqa.selenium.remote.service.DriverCommandExecutor.execute(DriverCommandExecutor.java:82)
  org.openqa.selenium.remote.RemoteWebDriver.execute(RemoteWebDriver.java:646)
  org.openqa.selenium.remote.RemoteWebElement.execute(RemoteWebElement.java:275)
  org.openqa.selenium.remote.RemoteWebElement.sendKeys(RemoteWebElement.java:99)
  sun.reflect.GeneratedMethodAccessor3.invoke(Unknown Source)
  sun.reflect.DelegatingMethodAccessorImpl.invoke(DelegatingMethodAccessorImpl.java:43)
  java.lang.reflect.Method.invoke(Method.java:498)
  org.openqa.selenium.support.pagefactory.internal.LocatingElementHandler.invoke(LocatingElementHandler.java:51)
  com.sun.proxy.$Proxy10.sendKeys(Unknown Source)
  com.epam.lab.control.TextInput.sendKeys(TextInput.java:13)
  com.epam.lab.pages.GmailLoginPage.typePassAndSubmit(GmailLoginPage.java:33)
  com.epam.lab.businessobject.GmailLoginBO.login(GmailLoginBO.java:10)
  com.epam.lab.GmailTest.testGmailFunctionality(GmailTest.java:25)
  sun.reflect.NativeMethodAccessorImpl.invoke0(Native Method)
  sun.reflect.NativeMethodAccessorImpl.invoke(NativeMethodAccessorImpl.java:62)
  sun.reflect.DelegatingMethodAccessorImpl.invoke(DelegatingMethodAccessorImpl.java:43)
  java.lang.reflect.Method.invoke(Method.java:498)
  org.testng.internal.MethodInvocationHelper.invokeMethod(MethodInvocationHelper.java:84)
  org.testng.internal.Invoker.invokeMethod(Invoker.java:714)
  org.testng.internal.Invoker.invokeTestMethod(Invoker.java:901)
  org.testng.internal.TestMethodWithDataProviderMethodWorker.call(TestMethodWithDataProviderMethodWorker.java:73)
  org.testng.internal.TestMethodWithDataProviderMethodWorker.call(TestMethodWithDataProviderMethodWorker.java:14)
  java.util.concurrent.FutureTask.run(FutureTask.java:266)
  java.util.concurrent.Executors$RunnableAdapter.call(Executors.java:511)
  java.util.concurrent.FutureTask.run(FutureTask.java:266)
  java.util.concurrent.ThreadPoolExecutor.runWorker(ThreadPoolExecutor.java:1149)
  java.util.concurrent.ThreadPoolExecutor$Worker.run(ThreadPoolExecutor.java:624)
  java.lang.Thread.run(Thread.java:748)
]]>
      </failure>

          </testcase>
  
  
            <testcase name="testGmailFunctionality" time="31.998" classname="com.epam.lab.GmailTest" />
                <testcase name="testGmailFunctionality" time="32.826" classname="com.epam.lab.GmailTest" />
                <testcase name="testGmailFunctionality" time="32.442" classname="com.epam.lab.GmailTest" />
                <testcase name="testGmailFunctionality" time="33.053" classname="com.epam.lab.GmailTest" />
      
</testsuite>
